--------------------------------------------------------------------------------
CPU name:	Intel(R) Core(TM) i5-7400 CPU @ 3.00GHz
CPU type:	Intel Coffeelake processor
CPU clock:	3.00 GHz
--------------------------------------------------------------------------------
--------------------------------------------------------------------------------
Region multMatPtrVet, Group 1: FLOPS_DP
+-------------------+------------+
|    Region Info    | HWThread 3 |
+-------------------+------------+
| RDTSC Runtime [s] |   0.000017 |
|     call count    |          1 |
+-------------------+------------+

+------------------------------------------+---------+------------+
|                   Event                  | Counter | HWThread 3 |
+------------------------------------------+---------+------------+
|             INSTR_RETIRED_ANY            |  FIXC0  |      33760 |
|           CPU_CLK_UNHALTED_CORE          |  FIXC1  |      23140 |
|           CPU_CLK_UNHALTED_REF           |  FIXC2  |      87250 |
| FP_ARITH_INST_RETIRED_128B_PACKED_DOUBLE |   PMC0  |          0 |
|    FP_ARITH_INST_RETIRED_SCALAR_DOUBLE   |   PMC1  |       8202 |
| FP_ARITH_INST_RETIRED_256B_PACKED_DOUBLE |   PMC2  |          0 |
+------------------------------------------+---------+------------+

+----------------------+--------------+
|        Metric        |  HWThread 3  |
+----------------------+--------------+
|  Runtime (RDTSC) [s] | 1.675688e-05 |
| Runtime unhalted [s] | 7.713440e-06 |
|      Clock [MHz]     |     795.6337 |
|          CPI         |       0.6854 |
|     DP [MFLOP/s]     |     489.4706 |
|   AVX DP [MFLOP/s]   |            0 |
|   Packed [MUOPS/s]   |            0 |
|   Scalar [MUOPS/s]   |     489.4706 |
|  Vectorization ratio |            0 |
+----------------------+--------------+

Region multMatRowVet, Group 1: FLOPS_DP
+-------------------+------------+
|    Region Info    | HWThread 3 |
+-------------------+------------+
| RDTSC Runtime [s] |   0.000017 |
|     call count    |          1 |
+-------------------+------------+

+------------------------------------------+---------+------------+
|                   Event                  | Counter | HWThread 3 |
+------------------------------------------+---------+------------+
|             INSTR_RETIRED_ANY            |  FIXC0  |      32967 |
|           CPU_CLK_UNHALTED_CORE          |  FIXC1  |      21175 |
|           CPU_CLK_UNHALTED_REF           |  FIXC2  |      79375 |
| FP_ARITH_INST_RETIRED_128B_PACKED_DOUBLE |   PMC0  |          0 |
|    FP_ARITH_INST_RETIRED_SCALAR_DOUBLE   |   PMC1  |       8202 |
| FP_ARITH_INST_RETIRED_256B_PACKED_DOUBLE |   PMC2  |          0 |
+------------------------------------------+---------+------------+

+----------------------+--------------+
|        Metric        |  HWThread 3  |
+----------------------+--------------+
|  Runtime (RDTSC) [s] | 1.688055e-05 |
| Runtime unhalted [s] | 7.058431e-06 |
|      Clock [MHz]     |     800.3039 |
|          CPI         |       0.6423 |
|     DP [MFLOP/s]     |     485.8846 |
|   AVX DP [MFLOP/s]   |            0 |
|   Packed [MUOPS/s]   |            0 |
|   Scalar [MUOPS/s]   |     485.8846 |
|  Vectorization ratio |            0 |
+----------------------+--------------+

Region multMatMatPtr, Group 1: FLOPS_DP
+-------------------+------------+
|    Region Info    | HWThread 3 |
+-------------------+------------+
| RDTSC Runtime [s] |   0.001106 |
|     call count    |          1 |
+-------------------+------------+

+------------------------------------------+---------+------------+
|                   Event                  | Counter | HWThread 3 |
+------------------------------------------+---------+------------+
|             INSTR_RETIRED_ANY            |  FIXC0  |    2130141 |
|           CPU_CLK_UNHALTED_CORE          |  FIXC1  |     871454 |
|           CPU_CLK_UNHALTED_REF           |  FIXC2  |    3268250 |
| FP_ARITH_INST_RETIRED_128B_PACKED_DOUBLE |   PMC0  |          0 |
|    FP_ARITH_INST_RETIRED_SCALAR_DOUBLE   |   PMC1  |     524298 |
| FP_ARITH_INST_RETIRED_256B_PACKED_DOUBLE |   PMC2  |          0 |
+------------------------------------------+---------+------------+

+----------------------+------------+
|        Metric        | HWThread 3 |
+----------------------+------------+
|  Runtime (RDTSC) [s] |     0.0011 |
| Runtime unhalted [s] |     0.0003 |
|      Clock [MHz]     |   799.9161 |
|          CPI         |     0.4091 |
|     DP [MFLOP/s]     |   473.9263 |
|   AVX DP [MFLOP/s]   |          0 |
|   Packed [MUOPS/s]   |          0 |
|   Scalar [MUOPS/s]   |   473.9263 |
|  Vectorization ratio |          0 |
+----------------------+------------+

Region multMatMatRow, Group 1: FLOPS_DP
+-------------------+------------+
|    Region Info    | HWThread 3 |
+-------------------+------------+
| RDTSC Runtime [s] |   0.000944 |
|     call count    |          1 |
+-------------------+------------+

+------------------------------------------+---------+------------+
|                   Event                  | Counter | HWThread 3 |
+------------------------------------------+---------+------------+
|             INSTR_RETIRED_ANY            |  FIXC0  |    2146708 |
|           CPU_CLK_UNHALTED_CORE          |  FIXC1  |     762705 |
|           CPU_CLK_UNHALTED_REF           |  FIXC2  |    2860375 |
| FP_ARITH_INST_RETIRED_128B_PACKED_DOUBLE |   PMC0  |          0 |
|    FP_ARITH_INST_RETIRED_SCALAR_DOUBLE   |   PMC1  |     524298 |
| FP_ARITH_INST_RETIRED_256B_PACKED_DOUBLE |   PMC2  |          0 |
+------------------------------------------+---------+------------+

+----------------------+------------+
|        Metric        | HWThread 3 |
+----------------------+------------+
|  Runtime (RDTSC) [s] |     0.0009 |
| Runtime unhalted [s] |     0.0003 |
|      Clock [MHz]     |   799.9243 |
|          CPI         |     0.3553 |
|     DP [MFLOP/s]     |   555.6346 |
|   AVX DP [MFLOP/s]   |          0 |
|   Packed [MUOPS/s]   |          0 |
|   Scalar [MUOPS/s]   |   555.6346 |
|  Vectorization ratio |          0 |
+----------------------+------------+

