--------------------------------------------------------------------------------
CPU name:	Intel(R) Core(TM) i5-7400 CPU @ 3.00GHz
CPU type:	Intel Coffeelake processor
CPU clock:	3.00 GHz
--------------------------------------------------------------------------------
--------------------------------------------------------------------------------
Region multMatPtrVet, Group 1: FLOPS_DP
+-------------------+------------+
|    Region Info    | HWThread 3 |
+-------------------+------------+
| RDTSC Runtime [s] |   0.000043 |
|     call count    |          1 |
+-------------------+------------+

+------------------------------------------+---------+------------+
|                   Event                  | Counter | HWThread 3 |
+------------------------------------------+---------+------------+
|             INSTR_RETIRED_ANY            |  FIXC0  |      75376 |
|           CPU_CLK_UNHALTED_CORE          |  FIXC1  |      43882 |
|           CPU_CLK_UNHALTED_REF           |  FIXC2  |     164625 |
| FP_ARITH_INST_RETIRED_128B_PACKED_DOUBLE |   PMC0  |          0 |
|    FP_ARITH_INST_RETIRED_SCALAR_DOUBLE   |   PMC1  |      20010 |
| FP_ARITH_INST_RETIRED_256B_PACKED_DOUBLE |   PMC2  |          0 |
+------------------------------------------+---------+------------+

+----------------------+--------------+
|        Metric        |  HWThread 3  |
+----------------------+--------------+
|  Runtime (RDTSC) [s] | 4.328123e-05 |
| Runtime unhalted [s] | 1.462752e-05 |
|      Clock [MHz]     |     799.6616 |
|          CPI         |       0.5822 |
|     DP [MFLOP/s]     |     462.3251 |
|   AVX DP [MFLOP/s]   |            0 |
|   Packed [MUOPS/s]   |            0 |
|   Scalar [MUOPS/s]   |     462.3251 |
|  Vectorization ratio |            0 |
+----------------------+--------------+

Region multMatRowVet, Group 1: FLOPS_DP
+-------------------+------------+
|    Region Info    | HWThread 3 |
+-------------------+------------+
| RDTSC Runtime [s] |   0.000043 |
|     call count    |          1 |
+-------------------+------------+

+------------------------------------------+---------+------------+
|                   Event                  | Counter | HWThread 3 |
+------------------------------------------+---------+------------+
|             INSTR_RETIRED_ANY            |  FIXC0  |      74547 |
|           CPU_CLK_UNHALTED_CORE          |  FIXC1  |      41619 |
|           CPU_CLK_UNHALTED_REF           |  FIXC2  |     156000 |
| FP_ARITH_INST_RETIRED_128B_PACKED_DOUBLE |   PMC0  |          0 |
|    FP_ARITH_INST_RETIRED_SCALAR_DOUBLE   |   PMC1  |      20010 |
| FP_ARITH_INST_RETIRED_256B_PACKED_DOUBLE |   PMC2  |          0 |
+------------------------------------------+---------+------------+

+----------------------+--------------+
|        Metric        |  HWThread 3  |
+----------------------+--------------+
|  Runtime (RDTSC) [s] | 4.283522e-05 |
| Runtime unhalted [s] | 1.387318e-05 |
|      Clock [MHz]     |     800.3550 |
|          CPI         |       0.5583 |
|     DP [MFLOP/s]     |     467.1390 |
|   AVX DP [MFLOP/s]   |            0 |
|   Packed [MUOPS/s]   |            0 |
|   Scalar [MUOPS/s]   |     467.1390 |
|  Vectorization ratio |            0 |
+----------------------+--------------+

Region multMatMatPtr, Group 1: FLOPS_DP
+-------------------+------------+
|    Region Info    | HWThread 3 |
+-------------------+------------+
| RDTSC Runtime [s] |   0.004602 |
|     call count    |          1 |
+-------------------+------------+

+------------------------------------------+---------+------------+
|                   Event                  | Counter | HWThread 3 |
+------------------------------------------+---------+------------+
|             INSTR_RETIRED_ANY            |  FIXC0  |    8074569 |
|           CPU_CLK_UNHALTED_CORE          |  FIXC1  |    3642906 |
|           CPU_CLK_UNHALTED_REF           |  FIXC2  |   13661250 |
| FP_ARITH_INST_RETIRED_128B_PACKED_DOUBLE |   PMC0  |          0 |
|    FP_ARITH_INST_RETIRED_SCALAR_DOUBLE   |   PMC1  |    2000010 |
| FP_ARITH_INST_RETIRED_256B_PACKED_DOUBLE |   PMC2  |          0 |
+------------------------------------------+---------+------------+

+----------------------+------------+
|        Metric        | HWThread 3 |
+----------------------+------------+
|  Runtime (RDTSC) [s] |     0.0046 |
| Runtime unhalted [s] |     0.0012 |
|      Clock [MHz]     |   799.9689 |
|          CPI         |     0.4512 |
|     DP [MFLOP/s]     |   434.5550 |
|   AVX DP [MFLOP/s]   |          0 |
|   Packed [MUOPS/s]   |          0 |
|   Scalar [MUOPS/s]   |   434.5550 |
|  Vectorization ratio |          0 |
+----------------------+------------+

Region multMatMatRow, Group 1: FLOPS_DP
+-------------------+------------+
|    Region Info    | HWThread 3 |
+-------------------+------------+
| RDTSC Runtime [s] |   0.004282 |
|     call count    |          1 |
+-------------------+------------+

+------------------------------------------+---------+------------+
|                   Event                  | Counter | HWThread 3 |
+------------------------------------------+---------+------------+
|             INSTR_RETIRED_ANY            |  FIXC0  |    8114862 |
|           CPU_CLK_UNHALTED_CORE          |  FIXC1  |    3406836 |
|           CPU_CLK_UNHALTED_REF           |  FIXC2  |   12775750 |
| FP_ARITH_INST_RETIRED_128B_PACKED_DOUBLE |   PMC0  |          0 |
|    FP_ARITH_INST_RETIRED_SCALAR_DOUBLE   |   PMC1  |    2000010 |
| FP_ARITH_INST_RETIRED_256B_PACKED_DOUBLE |   PMC2  |          0 |
+------------------------------------------+---------+------------+

+----------------------+------------+
|        Metric        | HWThread 3 |
+----------------------+------------+
|  Runtime (RDTSC) [s] |     0.0043 |
| Runtime unhalted [s] |     0.0011 |
|      Clock [MHz]     |   799.9824 |
|          CPI         |     0.4198 |
|     DP [MFLOP/s]     |   467.0760 |
|   AVX DP [MFLOP/s]   |          0 |
|   Packed [MUOPS/s]   |          0 |
|   Scalar [MUOPS/s]   |   467.0760 |
|  Vectorization ratio |          0 |
+----------------------+------------+

