--------------------------------------------------------------------------------
CPU name:	Intel(R) Core(TM) i5-7400 CPU @ 3.00GHz
CPU type:	Intel Coffeelake processor
CPU clock:	3.00 GHz
--------------------------------------------------------------------------------
--------------------------------------------------------------------------------
Region multMatPtrVet, Group 1: FLOPS_DP
+-------------------+------------+
|    Region Info    | HWThread 3 |
+-------------------+------------+
| RDTSC Runtime [s] |   0.000116 |
|     call count    |          1 |
+-------------------+------------+

+------------------------------------------+---------+------------+
|                   Event                  | Counter | HWThread 3 |
+------------------------------------------+---------+------------+
|             INSTR_RETIRED_ANY            |  FIXC0  |     120289 |
|           CPU_CLK_UNHALTED_CORE          |  FIXC1  |      71404 |
|           CPU_CLK_UNHALTED_REF           |  FIXC2  |     268125 |
| FP_ARITH_INST_RETIRED_128B_PACKED_DOUBLE |   PMC0  |          0 |
|    FP_ARITH_INST_RETIRED_SCALAR_DOUBLE   |   PMC1  |      32778 |
| FP_ARITH_INST_RETIRED_256B_PACKED_DOUBLE |   PMC2  |          0 |
+------------------------------------------+---------+------------+

+----------------------+--------------+
|        Metric        |  HWThread 3  |
+----------------------+--------------+
|  Runtime (RDTSC) [s] |       0.0001 |
| Runtime unhalted [s] | 2.380296e-05 |
|      Clock [MHz]     |     798.8714 |
|          CPI         |       0.5936 |
|     DP [MFLOP/s]     |     282.2867 |
|   AVX DP [MFLOP/s]   |            0 |
|   Packed [MUOPS/s]   |            0 |
|   Scalar [MUOPS/s]   |     282.2867 |
|  Vectorization ratio |            0 |
+----------------------+--------------+

Region multMatRowVet, Group 1: FLOPS_DP
+-------------------+------------+
|    Region Info    | HWThread 3 |
+-------------------+------------+
| RDTSC Runtime [s] |   0.000074 |
|     call count    |          1 |
+-------------------+------------+

+------------------------------------------+---------+------------+
|                   Event                  | Counter | HWThread 3 |
+------------------------------------------+---------+------------+
|             INSTR_RETIRED_ANY            |  FIXC0  |     119431 |
|           CPU_CLK_UNHALTED_CORE          |  FIXC1  |      66961 |
|           CPU_CLK_UNHALTED_REF           |  FIXC2  |     251250 |
| FP_ARITH_INST_RETIRED_128B_PACKED_DOUBLE |   PMC0  |          0 |
|    FP_ARITH_INST_RETIRED_SCALAR_DOUBLE   |   PMC1  |      32778 |
| FP_ARITH_INST_RETIRED_256B_PACKED_DOUBLE |   PMC2  |          0 |
+------------------------------------------+---------+------------+

+----------------------+--------------+
|        Metric        |  HWThread 3  |
+----------------------+--------------+
|  Runtime (RDTSC) [s] |       0.0001 |
| Runtime unhalted [s] | 2.232186e-05 |
|      Clock [MHz]     |     799.4798 |
|          CPI         |       0.5607 |
|     DP [MFLOP/s]     |     441.4020 |
|   AVX DP [MFLOP/s]   |            0 |
|   Packed [MUOPS/s]   |            0 |
|   Scalar [MUOPS/s]   |     441.4020 |
|  Vectorization ratio |            0 |
+----------------------+--------------+

Region multMatMatPtr, Group 1: FLOPS_DP
+-------------------+------------+
|    Region Info    | HWThread 3 |
+-------------------+------------+
| RDTSC Runtime [s] |   0.009861 |
|     call count    |          1 |
+-------------------+------------+

+------------------------------------------+---------+------------+
|                   Event                  | Counter | HWThread 3 |
+------------------------------------------+---------+------------+
|             INSTR_RETIRED_ANY            |  FIXC0  |   16896670 |
|           CPU_CLK_UNHALTED_CORE          |  FIXC1  |    7813450 |
|           CPU_CLK_UNHALTED_REF           |  FIXC2  |   29300380 |
| FP_ARITH_INST_RETIRED_128B_PACKED_DOUBLE |   PMC0  |          0 |
|    FP_ARITH_INST_RETIRED_SCALAR_DOUBLE   |   PMC1  |    4194314 |
| FP_ARITH_INST_RETIRED_256B_PACKED_DOUBLE |   PMC2  |          0 |
+------------------------------------------+---------+------------+

+----------------------+------------+
|        Metric        | HWThread 3 |
+----------------------+------------+
|  Runtime (RDTSC) [s] |     0.0099 |
| Runtime unhalted [s] |     0.0026 |
|      Clock [MHz]     |   799.9470 |
|          CPI         |     0.4624 |
|     DP [MFLOP/s]     |   425.3651 |
|   AVX DP [MFLOP/s]   |          0 |
|   Packed [MUOPS/s]   |          0 |
|   Scalar [MUOPS/s]   |   425.3651 |
|  Vectorization ratio |          0 |
+----------------------+------------+

Region multMatMatRow, Group 1: FLOPS_DP
+-------------------+------------+
|    Region Info    | HWThread 3 |
+-------------------+------------+
| RDTSC Runtime [s] |   0.011595 |
|     call count    |          1 |
+-------------------+------------+

+------------------------------------------+---------+------------+
|                   Event                  | Counter | HWThread 3 |
+------------------------------------------+---------+------------+
|             INSTR_RETIRED_ANY            |  FIXC0  |   16962580 |
|           CPU_CLK_UNHALTED_CORE          |  FIXC1  |    9118577 |
|           CPU_CLK_UNHALTED_REF           |  FIXC2  |   34194750 |
| FP_ARITH_INST_RETIRED_128B_PACKED_DOUBLE |   PMC0  |          0 |
|    FP_ARITH_INST_RETIRED_SCALAR_DOUBLE   |   PMC1  |    4194314 |
| FP_ARITH_INST_RETIRED_256B_PACKED_DOUBLE |   PMC2  |          0 |
+------------------------------------------+---------+------------+

+----------------------+------------+
|        Metric        | HWThread 3 |
+----------------------+------------+
|  Runtime (RDTSC) [s] |     0.0116 |
| Runtime unhalted [s] |     0.0030 |
|      Clock [MHz]     |   799.9434 |
|          CPI         |     0.5376 |
|     DP [MFLOP/s]     |   361.7459 |
|   AVX DP [MFLOP/s]   |          0 |
|   Packed [MUOPS/s]   |          0 |
|   Scalar [MUOPS/s]   |   361.7459 |
|  Vectorization ratio |          0 |
+----------------------+------------+

