--------------------------------------------------------------------------------
CPU name:	Intel(R) Core(TM) i5-7400 CPU @ 3.00GHz
CPU type:	Intel Coffeelake processor
CPU clock:	3.00 GHz
--------------------------------------------------------------------------------
--------------------------------------------------------------------------------
Region multMatPtrVet, Group 1: FLOPS_DP
+-------------------+------------+
|    Region Info    | HWThread 3 |
+-------------------+------------+
| RDTSC Runtime [s] |   0.005332 |
|     call count    |          1 |
+-------------------+------------+

+------------------------------------------+---------+------------+
|                   Event                  | Counter | HWThread 3 |
+------------------------------------------+---------+------------+
|             INSTR_RETIRED_ANY            |  FIXC0  |   29381090 |
|           CPU_CLK_UNHALTED_CORE          |  FIXC1  |   18498810 |
|           CPU_CLK_UNHALTED_REF           |  FIXC2  |   15869250 |
| FP_ARITH_INST_RETIRED_128B_PACKED_DOUBLE |   PMC0  |          0 |
|    FP_ARITH_INST_RETIRED_SCALAR_DOUBLE   |   PMC1  |    8388618 |
| FP_ARITH_INST_RETIRED_256B_PACKED_DOUBLE |   PMC2  |          0 |
+------------------------------------------+---------+------------+

+----------------------+------------+
|        Metric        | HWThread 3 |
+----------------------+------------+
|  Runtime (RDTSC) [s] |     0.0053 |
| Runtime unhalted [s] |     0.0062 |
|      Clock [MHz]     |  3497.0568 |
|          CPI         |     0.6296 |
|     DP [MFLOP/s]     |  1573.1707 |
|   AVX DP [MFLOP/s]   |          0 |
|   Packed [MUOPS/s]   |          0 |
|   Scalar [MUOPS/s]   |  1573.1707 |
|  Vectorization ratio |          0 |
+----------------------+------------+

Region multMatRowVet, Group 1: FLOPS_DP
+-------------------+------------+
|    Region Info    | HWThread 3 |
+-------------------+------------+
| RDTSC Runtime [s] |   0.005408 |
|     call count    |          1 |
+-------------------+------------+

+------------------------------------------+---------+------------+
|                   Event                  | Counter | HWThread 3 |
+------------------------------------------+---------+------------+
|             INSTR_RETIRED_ANY            |  FIXC0  |   29378310 |
|           CPU_CLK_UNHALTED_CORE          |  FIXC1  |   18618560 |
|           CPU_CLK_UNHALTED_REF           |  FIXC2  |   16069500 |
| FP_ARITH_INST_RETIRED_128B_PACKED_DOUBLE |   PMC0  |          0 |
|    FP_ARITH_INST_RETIRED_SCALAR_DOUBLE   |   PMC1  |    8388618 |
| FP_ARITH_INST_RETIRED_256B_PACKED_DOUBLE |   PMC2  |          0 |
+------------------------------------------+---------+------------+

+----------------------+------------+
|        Metric        | HWThread 3 |
+----------------------+------------+
|  Runtime (RDTSC) [s] |     0.0054 |
| Runtime unhalted [s] |     0.0062 |
|      Clock [MHz]     |  3475.8340 |
|          CPI         |     0.6338 |
|     DP [MFLOP/s]     |  1551.2843 |
|   AVX DP [MFLOP/s]   |          0 |
|   Packed [MUOPS/s]   |          0 |
|   Scalar [MUOPS/s]   |  1551.2843 |
|  Vectorization ratio |          0 |
+----------------------+------------+

Region multMatMatPtr, Group 1: FLOPS_DP
+-------------------+------------+
|    Region Info    | HWThread 3 |
+-------------------+------------+
| RDTSC Runtime [s] |  41.676830 |
|     call count    |          1 |
+-------------------+------------+

+------------------------------------------+---------+--------------+
|                   Event                  | Counter |  HWThread 3  |
+------------------------------------------+---------+--------------+
|             INSTR_RETIRED_ANY            |  FIXC0  |  68748870000 |
|           CPU_CLK_UNHALTED_CORE          |  FIXC1  | 144401700000 |
|           CPU_CLK_UNHALTED_REF           |  FIXC2  | 123951200000 |
| FP_ARITH_INST_RETIRED_128B_PACKED_DOUBLE |   PMC0  |            0 |
|    FP_ARITH_INST_RETIRED_SCALAR_DOUBLE   |   PMC1  |  17179870000 |
| FP_ARITH_INST_RETIRED_256B_PACKED_DOUBLE |   PMC2  |            0 |
+------------------------------------------+---------+--------------+

+----------------------+------------+
|        Metric        | HWThread 3 |
+----------------------+------------+
|  Runtime (RDTSC) [s] |    41.6768 |
| Runtime unhalted [s] |    48.1346 |
|      Clock [MHz]     |  3494.9170 |
|          CPI         |     2.1004 |
|     DP [MFLOP/s]     |   412.2163 |
|   AVX DP [MFLOP/s]   |          0 |
|   Packed [MUOPS/s]   |          0 |
|   Scalar [MUOPS/s]   |   412.2163 |
|  Vectorization ratio |          0 |
+----------------------+------------+

Region multMatMatRow, Group 1: FLOPS_DP
+-------------------+------------+
|    Region Info    | HWThread 3 |
+-------------------+------------+
| RDTSC Runtime [s] |  57.764230 |
|     call count    |          1 |
+-------------------+------------+

+------------------------------------------+---------+--------------+
|                   Event                  | Counter |  HWThread 3  |
+------------------------------------------+---------+--------------+
|             INSTR_RETIRED_ANY            |  FIXC0  |  68765660000 |
|           CPU_CLK_UNHALTED_CORE          |  FIXC1  | 200194400000 |
|           CPU_CLK_UNHALTED_REF           |  FIXC2  | 171871100000 |
| FP_ARITH_INST_RETIRED_128B_PACKED_DOUBLE |   PMC0  |            0 |
|    FP_ARITH_INST_RETIRED_SCALAR_DOUBLE   |   PMC1  |  17179870000 |
| FP_ARITH_INST_RETIRED_256B_PACKED_DOUBLE |   PMC2  |            0 |
+------------------------------------------+---------+--------------+

+----------------------+------------+
|        Metric        | HWThread 3 |
+----------------------+------------+
|  Runtime (RDTSC) [s] |    57.7642 |
| Runtime unhalted [s] |    66.7324 |
|      Clock [MHz]     |  3494.3336 |
|          CPI         |     2.9113 |
|     DP [MFLOP/s]     |   297.4136 |
|   AVX DP [MFLOP/s]   |          0 |
|   Packed [MUOPS/s]   |          0 |
|   Scalar [MUOPS/s]   |   297.4136 |
|  Vectorization ratio |          0 |
+----------------------+------------+

