--------------------------------------------------------------------------------
CPU name:	Intel(R) Core(TM) i5-7400 CPU @ 3.00GHz
CPU type:	Intel Coffeelake processor
CPU clock:	3.00 GHz
--------------------------------------------------------------------------------
--------------------------------------------------------------------------------
Region multMatPtrVet, Group 1: FLOPS_DP
+-------------------+------------+
|    Region Info    | HWThread 3 |
+-------------------+------------+
| RDTSC Runtime [s] |   0.005511 |
|     call count    |          1 |
+-------------------+------------+

+------------------------------------------+---------+------------+
|                   Event                  | Counter | HWThread 3 |
+------------------------------------------+---------+------------+
|             INSTR_RETIRED_ANY            |  FIXC0  |   29381090 |
|           CPU_CLK_UNHALTED_CORE          |  FIXC1  |   18167630 |
|           CPU_CLK_UNHALTED_REF           |  FIXC2  |   16365380 |
| FP_ARITH_INST_RETIRED_128B_PACKED_DOUBLE |   PMC0  |          0 |
|    FP_ARITH_INST_RETIRED_SCALAR_DOUBLE   |   PMC1  |    8388618 |
| FP_ARITH_INST_RETIRED_256B_PACKED_DOUBLE |   PMC2  |          0 |
+------------------------------------------+---------+------------+

+----------------------+------------+
|        Metric        | HWThread 3 |
+----------------------+------------+
|  Runtime (RDTSC) [s] |     0.0055 |
| Runtime unhalted [s] |     0.0061 |
|      Clock [MHz]     |  3330.3422 |
|          CPI         |     0.6183 |
|     DP [MFLOP/s]     |  1522.1949 |
|   AVX DP [MFLOP/s]   |          0 |
|   Packed [MUOPS/s]   |          0 |
|   Scalar [MUOPS/s]   |  1522.1949 |
|  Vectorization ratio |          0 |
+----------------------+------------+

Region multMatRowVet, Group 1: FLOPS_DP
+-------------------+------------+
|    Region Info    | HWThread 3 |
+-------------------+------------+
| RDTSC Runtime [s] |   0.005803 |
|     call count    |          1 |
+-------------------+------------+

+------------------------------------------+---------+------------+
|                   Event                  | Counter | HWThread 3 |
+------------------------------------------+---------+------------+
|             INSTR_RETIRED_ANY            |  FIXC0  |   29392570 |
|           CPU_CLK_UNHALTED_CORE          |  FIXC1  |   18973360 |
|           CPU_CLK_UNHALTED_REF           |  FIXC2  |   17011000 |
| FP_ARITH_INST_RETIRED_128B_PACKED_DOUBLE |   PMC0  |          0 |
|    FP_ARITH_INST_RETIRED_SCALAR_DOUBLE   |   PMC1  |    8388618 |
| FP_ARITH_INST_RETIRED_256B_PACKED_DOUBLE |   PMC2  |          0 |
+------------------------------------------+---------+------------+

+----------------------+------------+
|        Metric        | HWThread 3 |
+----------------------+------------+
|  Runtime (RDTSC) [s] |     0.0058 |
| Runtime unhalted [s] |     0.0063 |
|      Clock [MHz]     |  3346.0397 |
|          CPI         |     0.6455 |
|     DP [MFLOP/s]     |  1445.5055 |
|   AVX DP [MFLOP/s]   |          0 |
|   Packed [MUOPS/s]   |          0 |
|   Scalar [MUOPS/s]   |  1445.5055 |
|  Vectorization ratio |          0 |
+----------------------+------------+

Region multMatMatPtr, Group 1: FLOPS_DP
+-------------------+------------+
|    Region Info    | HWThread 3 |
+-------------------+------------+
| RDTSC Runtime [s] |  45.018380 |
|     call count    |          1 |
+-------------------+------------+

+------------------------------------------+---------+--------------+
|                   Event                  | Counter |  HWThread 3  |
+------------------------------------------+---------+--------------+
|             INSTR_RETIRED_ANY            |  FIXC0  |  68760480000 |
|           CPU_CLK_UNHALTED_CORE          |  FIXC1  | 144961100000 |
|           CPU_CLK_UNHALTED_REF           |  FIXC2  | 129062100000 |
| FP_ARITH_INST_RETIRED_128B_PACKED_DOUBLE |   PMC0  |            0 |
|    FP_ARITH_INST_RETIRED_SCALAR_DOUBLE   |   PMC1  |  17179870000 |
| FP_ARITH_INST_RETIRED_256B_PACKED_DOUBLE |   PMC2  |            0 |
+------------------------------------------+---------+--------------+

+----------------------+------------+
|        Metric        | HWThread 3 |
+----------------------+------------+
|  Runtime (RDTSC) [s] |    45.0184 |
| Runtime unhalted [s] |    48.3209 |
|      Clock [MHz]     |  3369.5308 |
|          CPI         |     2.1082 |
|     DP [MFLOP/s]     |   381.6190 |
|   AVX DP [MFLOP/s]   |          0 |
|   Packed [MUOPS/s]   |          0 |
|   Scalar [MUOPS/s]   |   381.6190 |
|  Vectorization ratio |          0 |
+----------------------+------------+

Region multMatMatRow, Group 1: FLOPS_DP
+-------------------+------------+
|    Region Info    | HWThread 3 |
+-------------------+------------+
| RDTSC Runtime [s] |  65.086160 |
|     call count    |          1 |
+-------------------+------------+

+------------------------------------------+---------+--------------+
|                   Event                  | Counter |  HWThread 3  |
+------------------------------------------+---------+--------------+
|             INSTR_RETIRED_ANY            |  FIXC0  |  68782100000 |
|           CPU_CLK_UNHALTED_CORE          |  FIXC1  | 210289400000 |
|           CPU_CLK_UNHALTED_REF           |  FIXC2  | 187414000000 |
| FP_ARITH_INST_RETIRED_128B_PACKED_DOUBLE |   PMC0  |            0 |
|    FP_ARITH_INST_RETIRED_SCALAR_DOUBLE   |   PMC1  |  17179870000 |
| FP_ARITH_INST_RETIRED_256B_PACKED_DOUBLE |   PMC2  |            0 |
+------------------------------------------+---------+--------------+

+----------------------+------------+
|        Metric        | HWThread 3 |
+----------------------+------------+
|  Runtime (RDTSC) [s] |    65.0862 |
| Runtime unhalted [s] |    70.0972 |
|      Clock [MHz]     |  3366.1389 |
|          CPI         |     3.0573 |
|     DP [MFLOP/s]     |   263.9558 |
|   AVX DP [MFLOP/s]   |          0 |
|   Packed [MUOPS/s]   |          0 |
|   Scalar [MUOPS/s]   |   263.9558 |
|  Vectorization ratio |          0 |
+----------------------+------------+

