--------------------------------------------------------------------------------
CPU name:	Intel(R) Core(TM) i5-7400 CPU @ 3.00GHz
CPU type:	Intel Coffeelake processor
CPU clock:	3.00 GHz
--------------------------------------------------------------------------------
--------------------------------------------------------------------------------
Region multMatPtrVet, Group 1: FLOPS_DP
+-------------------+------------+
|    Region Info    | HWThread 3 |
+-------------------+------------+
| RDTSC Runtime [s] |   0.000052 |
|     call count    |          1 |
+-------------------+------------+

+------------------------------------------+---------+------------+
|                   Event                  | Counter | HWThread 3 |
+------------------------------------------+---------+------------+
|             INSTR_RETIRED_ANY            |  FIXC0  |     120288 |
|           CPU_CLK_UNHALTED_CORE          |  FIXC1  |      76171 |
|           CPU_CLK_UNHALTED_REF           |  FIXC2  |     190125 |
| FP_ARITH_INST_RETIRED_128B_PACKED_DOUBLE |   PMC0  |          0 |
|    FP_ARITH_INST_RETIRED_SCALAR_DOUBLE   |   PMC1  |      32778 |
| FP_ARITH_INST_RETIRED_256B_PACKED_DOUBLE |   PMC2  |          0 |
+------------------------------------------+---------+------------+

+----------------------+--------------+
|        Metric        |  HWThread 3  |
+----------------------+--------------+
|  Runtime (RDTSC) [s] |       0.0001 |
| Runtime unhalted [s] | 2.539083e-05 |
|      Clock [MHz]     |    1201.8860 |
|          CPI         |       0.6332 |
|     DP [MFLOP/s]     |     625.6608 |
|   AVX DP [MFLOP/s]   |            0 |
|   Packed [MUOPS/s]   |            0 |
|   Scalar [MUOPS/s]   |     625.6608 |
|  Vectorization ratio |            0 |
+----------------------+--------------+

Region multMatRowVet, Group 1: FLOPS_DP
+-------------------+------------+
|    Region Info    | HWThread 3 |
+-------------------+------------+
| RDTSC Runtime [s] |   0.000051 |
|     call count    |          1 |
+-------------------+------------+

+------------------------------------------+---------+------------+
|                   Event                  | Counter | HWThread 3 |
+------------------------------------------+---------+------------+
|             INSTR_RETIRED_ANY            |  FIXC0  |     119431 |
|           CPU_CLK_UNHALTED_CORE          |  FIXC1  |      69849 |
|           CPU_CLK_UNHALTED_REF           |  FIXC2  |     174875 |
| FP_ARITH_INST_RETIRED_128B_PACKED_DOUBLE |   PMC0  |          0 |
|    FP_ARITH_INST_RETIRED_SCALAR_DOUBLE   |   PMC1  |      32778 |
| FP_ARITH_INST_RETIRED_256B_PACKED_DOUBLE |   PMC2  |          0 |
+------------------------------------------+---------+------------+

+----------------------+--------------+
|        Metric        |  HWThread 3  |
+----------------------+--------------+
|  Runtime (RDTSC) [s] |       0.0001 |
| Runtime unhalted [s] | 2.328345e-05 |
|      Clock [MHz]     |    1198.2441 |
|          CPI         |       0.5848 |
|     DP [MFLOP/s]     |     639.9944 |
|   AVX DP [MFLOP/s]   |            0 |
|   Packed [MUOPS/s]   |            0 |
|   Scalar [MUOPS/s]   |     639.9944 |
|  Vectorization ratio |            0 |
+----------------------+--------------+

Region multMatMatPtr, Group 1: FLOPS_DP
+-------------------+------------+
|    Region Info    | HWThread 3 |
+-------------------+------------+
| RDTSC Runtime [s] |   0.006720 |
|     call count    |          1 |
+-------------------+------------+

+------------------------------------------+---------+------------+
|                   Event                  | Counter | HWThread 3 |
+------------------------------------------+---------+------------+
|             INSTR_RETIRED_ANY            |  FIXC0  |   16896670 |
|           CPU_CLK_UNHALTED_CORE          |  FIXC1  |    7976685 |
|           CPU_CLK_UNHALTED_REF           |  FIXC2  |   19941750 |
| FP_ARITH_INST_RETIRED_128B_PACKED_DOUBLE |   PMC0  |          0 |
|    FP_ARITH_INST_RETIRED_SCALAR_DOUBLE   |   PMC1  |    4194314 |
| FP_ARITH_INST_RETIRED_256B_PACKED_DOUBLE |   PMC2  |          0 |
+------------------------------------------+---------+------------+

+----------------------+------------+
|        Metric        | HWThread 3 |
+----------------------+------------+
|  Runtime (RDTSC) [s] |     0.0067 |
| Runtime unhalted [s] |     0.0027 |
|      Clock [MHz]     |  1199.9745 |
|          CPI         |     0.4721 |
|     DP [MFLOP/s]     |   624.1158 |
|   AVX DP [MFLOP/s]   |          0 |
|   Packed [MUOPS/s]   |          0 |
|   Scalar [MUOPS/s]   |   624.1158 |
|  Vectorization ratio |          0 |
+----------------------+------------+

Region multMatMatRow, Group 1: FLOPS_DP
+-------------------+------------+
|    Region Info    | HWThread 3 |
+-------------------+------------+
| RDTSC Runtime [s] |   0.007746 |
|     call count    |          1 |
+-------------------+------------+

+------------------------------------------+---------+------------+
|                   Event                  | Counter | HWThread 3 |
+------------------------------------------+---------+------------+
|             INSTR_RETIRED_ANY            |  FIXC0  |   16962580 |
|           CPU_CLK_UNHALTED_CORE          |  FIXC1  |    9216581 |
|           CPU_CLK_UNHALTED_REF           |  FIXC2  |   23041500 |
| FP_ARITH_INST_RETIRED_128B_PACKED_DOUBLE |   PMC0  |          0 |
|    FP_ARITH_INST_RETIRED_SCALAR_DOUBLE   |   PMC1  |    4194314 |
| FP_ARITH_INST_RETIRED_256B_PACKED_DOUBLE |   PMC2  |          0 |
+------------------------------------------+---------+------------+

+----------------------+------------+
|        Metric        | HWThread 3 |
+----------------------+------------+
|  Runtime (RDTSC) [s] |     0.0077 |
| Runtime unhalted [s] |     0.0031 |
|      Clock [MHz]     |  1199.9743 |
|          CPI         |     0.5433 |
|     DP [MFLOP/s]     |   541.4966 |
|   AVX DP [MFLOP/s]   |          0 |
|   Packed [MUOPS/s]   |          0 |
|   Scalar [MUOPS/s]   |   541.4966 |
|  Vectorization ratio |          0 |
+----------------------+------------+

