--------------------------------------------------------------------------------
CPU name:	Intel(R) Core(TM) i5-7400 CPU @ 3.00GHz
CPU type:	Intel Coffeelake processor
CPU clock:	3.00 GHz
--------------------------------------------------------------------------------
--------------------------------------------------------------------------------
Region multMatPtrVet, Group 1: FLOPS_DP
+-------------------+------------+
|    Region Info    | HWThread 3 |
+-------------------+------------+
| RDTSC Runtime [s] |   0.000047 |
|     call count    |          1 |
+-------------------+------------+

+------------------------------------------+---------+------------+
|                   Event                  | Counter | HWThread 3 |
+------------------------------------------+---------+------------+
|             INSTR_RETIRED_ANY            |  FIXC0  |      75376 |
|           CPU_CLK_UNHALTED_CORE          |  FIXC1  |      48009 |
|           CPU_CLK_UNHALTED_REF           |  FIXC2  |     180125 |
| FP_ARITH_INST_RETIRED_128B_PACKED_DOUBLE |   PMC0  |          0 |
|    FP_ARITH_INST_RETIRED_SCALAR_DOUBLE   |   PMC1  |      20010 |
| FP_ARITH_INST_RETIRED_256B_PACKED_DOUBLE |   PMC2  |          0 |
+------------------------------------------+---------+------------+

+----------------------+--------------+
|        Metric        |  HWThread 3  |
+----------------------+--------------+
|  Runtime (RDTSC) [s] | 4.651278e-05 |
| Runtime unhalted [s] | 1.600410e-05 |
|      Clock [MHz]     |     799.5398 |
|          CPI         |       0.6369 |
|     DP [MFLOP/s]     |     430.2043 |
|   AVX DP [MFLOP/s]   |            0 |
|   Packed [MUOPS/s]   |            0 |
|   Scalar [MUOPS/s]   |     430.2043 |
|  Vectorization ratio |            0 |
+----------------------+--------------+

Region multMatRowVet, Group 1: FLOPS_DP
+-------------------+------------+
|    Region Info    | HWThread 3 |
+-------------------+------------+
| RDTSC Runtime [s] |   0.000044 |
|     call count    |          1 |
+-------------------+------------+

+------------------------------------------+---------+------------+
|                   Event                  | Counter | HWThread 3 |
+------------------------------------------+---------+------------+
|             INSTR_RETIRED_ANY            |  FIXC0  |      74547 |
|           CPU_CLK_UNHALTED_CORE          |  FIXC1  |      44733 |
|           CPU_CLK_UNHALTED_REF           |  FIXC2  |     167375 |
| FP_ARITH_INST_RETIRED_128B_PACKED_DOUBLE |   PMC0  |          0 |
|    FP_ARITH_INST_RETIRED_SCALAR_DOUBLE   |   PMC1  |      20010 |
| FP_ARITH_INST_RETIRED_256B_PACKED_DOUBLE |   PMC2  |          0 |
+------------------------------------------+---------+------------+

+----------------------+--------------+
|        Metric        |  HWThread 3  |
+----------------------+--------------+
|  Runtime (RDTSC) [s] | 4.423976e-05 |
| Runtime unhalted [s] | 1.491202e-05 |
|      Clock [MHz]     |     801.7314 |
|          CPI         |       0.6001 |
|     DP [MFLOP/s]     |     452.3081 |
|   AVX DP [MFLOP/s]   |            0 |
|   Packed [MUOPS/s]   |            0 |
|   Scalar [MUOPS/s]   |     452.3081 |
|  Vectorization ratio |            0 |
+----------------------+--------------+

Region multMatMatPtr, Group 1: FLOPS_DP
+-------------------+------------+
|    Region Info    | HWThread 3 |
+-------------------+------------+
| RDTSC Runtime [s] |   0.004776 |
|     call count    |          1 |
+-------------------+------------+

+------------------------------------------+---------+------------+
|                   Event                  | Counter | HWThread 3 |
+------------------------------------------+---------+------------+
|             INSTR_RETIRED_ANY            |  FIXC0  |    8089240 |
|           CPU_CLK_UNHALTED_CORE          |  FIXC1  |    3734850 |
|           CPU_CLK_UNHALTED_REF           |  FIXC2  |   14005750 |
| FP_ARITH_INST_RETIRED_128B_PACKED_DOUBLE |   PMC0  |          0 |
|    FP_ARITH_INST_RETIRED_SCALAR_DOUBLE   |   PMC1  |    2000014 |
| FP_ARITH_INST_RETIRED_256B_PACKED_DOUBLE |   PMC2  |          0 |
+------------------------------------------+---------+------------+

+----------------------+------------+
|        Metric        | HWThread 3 |
+----------------------+------------+
|  Runtime (RDTSC) [s] |     0.0048 |
| Runtime unhalted [s] |     0.0012 |
|      Clock [MHz]     |   799.9415 |
|          CPI         |     0.4617 |
|     DP [MFLOP/s]     |   418.7476 |
|   AVX DP [MFLOP/s]   |          0 |
|   Packed [MUOPS/s]   |          0 |
|   Scalar [MUOPS/s]   |   418.7476 |
|  Vectorization ratio |          0 |
+----------------------+------------+

Region multMatMatRow, Group 1: FLOPS_DP
+-------------------+------------+
|    Region Info    | HWThread 3 |
+-------------------+------------+
| RDTSC Runtime [s] |   0.004320 |
|     call count    |          1 |
+-------------------+------------+

+------------------------------------------+---------+------------+
|                   Event                  | Counter | HWThread 3 |
+------------------------------------------+---------+------------+
|             INSTR_RETIRED_ANY            |  FIXC0  |    8114932 |
|           CPU_CLK_UNHALTED_CORE          |  FIXC1  |    3436014 |
|           CPU_CLK_UNHALTED_REF           |  FIXC2  |   12884750 |
| FP_ARITH_INST_RETIRED_128B_PACKED_DOUBLE |   PMC0  |          0 |
|    FP_ARITH_INST_RETIRED_SCALAR_DOUBLE   |   PMC1  |    2000010 |
| FP_ARITH_INST_RETIRED_256B_PACKED_DOUBLE |   PMC2  |          0 |
+------------------------------------------+---------+------------+

+----------------------+------------+
|        Metric        | HWThread 3 |
+----------------------+------------+
|  Runtime (RDTSC) [s] |     0.0043 |
| Runtime unhalted [s] |     0.0011 |
|      Clock [MHz]     |   799.9639 |
|          CPI         |     0.4234 |
|     DP [MFLOP/s]     |   462.9794 |
|   AVX DP [MFLOP/s]   |          0 |
|   Packed [MUOPS/s]   |          0 |
|   Scalar [MUOPS/s]   |   462.9794 |
|  Vectorization ratio |          0 |
+----------------------+------------+

